INFO 2020-08-01 14:26:38,474 autoreload 578 Watching for file changes with StatReloader
INFO 2020-08-01 14:27:48,688 autoreload 578 Watching for file changes with StatReloader
INFO 2020-08-01 14:28:52,945 autoreload 578 Watching for file changes with StatReloader
INFO 2020-08-01 14:31:13,937 autoreload 578 Watching for file changes with StatReloader
INFO 2020-08-01 14:32:38,373 autoreload 578 Watching for file changes with StatReloader
INFO 2020-08-01 14:32:46,441 autoreload 578 Watching for file changes with StatReloader
INFO 2020-08-01 14:34:00,188 autoreload 578 Watching for file changes with StatReloader
WARNING 2020-08-01 14:32:53,641 log 222 Not Found: /
INFO 2020-08-01 14:33:06,549 basehttp 154 "GET /users/register HTTP/1.1" 301 0
INFO 2020-08-01 14:36:49,541 autoreload 578 Watching for file changes with StatReloader
WARNING 2020-08-01 14:36:51,801 log 222 Not Found: /
WARNING 2020-08-01 14:36:51,802 basehttp 154 "GET / HTTP/1.1" 404 1921
WARNING 2020-08-01 14:36:51,907 log 222 Not Found: /favicon.ico
WARNING 2020-08-01 14:36:51,907 basehttp 154 "GET /favicon.ico HTTP/1.1" 404 1972
INFO 2020-08-01 14:37:12,831 basehttp 154 "GET /users/register/ HTTP/1.1" 200 2969
WARNING 2020-08-01 14:37:12,862 log 222 Not Found: /users/static/css/main.css
WARNING 2020-08-01 14:37:12,863 log 222 Not Found: /users/static/css/reset.css
WARNING 2020-08-01 14:37:12,864 log 222 Not Found: /users/static/images/1.png
WARNING 2020-08-01 14:37:12,865 log 222 Not Found: /users/static/images/pic_code.jpg
WARNING 2020-08-01 14:37:12,865 basehttp 154 "GET /users/static/css/reset.css HTTP/1.1" 404 2090
WARNING 2020-08-01 14:37:12,866 basehttp 154 "GET /users/static/css/main.css HTTP/1.1" 404 2087
WARNING 2020-08-01 14:37:12,866 basehttp 154 "GET /users/static/images/pic_code.jpg HTTP/1.1" 404 2108
WARNING 2020-08-01 14:37:12,866 basehttp 154 "GET /users/static/images/1.png HTTP/1.1" 404 2087
WARNING 2020-08-01 14:38:54,886 log 222 Not Found: /users/static/css/reset.css
WARNING 2020-08-01 14:38:54,887 basehttp 154 "GET /users/static/css/reset.css HTTP/1.1" 404 2090
WARNING 2020-08-01 14:38:54,890 log 222 Not Found: /users/static/css/main.css
WARNING 2020-08-01 14:38:54,891 basehttp 154 "GET /users/static/css/main.css HTTP/1.1" 404 2087
INFO 2020-08-01 14:39:13,895 basehttp 154 "GET /users/register/ HTTP/1.1" 200 3004
WARNING 2020-08-01 14:39:13,925 basehttp 154 "GET /static/ HTTP/1.1" 404 1634
WARNING 2020-08-01 14:39:13,928 log 222 Not Found: /users/static/images/1.png
WARNING 2020-08-01 14:39:13,930 log 222 Not Found: /users/static/images/pic_code.jpg
WARNING 2020-08-01 14:39:13,931 log 222 Not Found: /users/static/css/main.css
WARNING 2020-08-01 14:39:13,932 log 222 Not Found: /users/static/css/reset.css
WARNING 2020-08-01 14:39:13,932 basehttp 154 "GET /users/static/images/1.png HTTP/1.1" 404 2087
WARNING 2020-08-01 14:39:13,933 basehttp 154 "GET /users/static/css/main.css HTTP/1.1" 404 2087
WARNING 2020-08-01 14:39:13,933 basehttp 154 "GET /users/static/images/pic_code.jpg HTTP/1.1" 404 2108
WARNING 2020-08-01 14:39:13,934 basehttp 154 "GET /users/static/css/reset.css HTTP/1.1" 404 2090
INFO 2020-08-01 14:42:48,611 autoreload 578 Watching for file changes with StatReloader
INFO 2020-08-01 14:42:48,880 basehttp 154 "GET /users/register/ HTTP/1.1" 200 2998
WARNING 2020-08-01 14:42:48,917 basehttp 154 "GET /static/ HTTP/1.1" 404 1634
WARNING 2020-08-01 14:42:48,919 log 222 Not Found: /users/static/images/pic_code.jpg
WARNING 2020-08-01 14:42:48,919 basehttp 154 "GET /users/static/images/pic_code.jpg HTTP/1.1" 404 2108
INFO 2020-08-01 14:42:48,938 basehttp 154 "GET /static/css/reset.css HTTP/1.1" 200 638
INFO 2020-08-01 14:42:48,939 basehttp 154 "GET /static/images/1.png HTTP/1.1" 200 3555
INFO 2020-08-01 14:42:48,940 basehttp 154 "GET /static/css/main.css HTTP/1.1" 200 40091
INFO 2020-08-01 14:42:48,957 basehttp 154 "GET /static/images/icons02.png HTTP/1.1" 200 3935
INFO 2020-08-01 14:42:48,957 basehttp 154 "GET /static/images/interval_line.png HTTP/1.1" 200 1123
INFO 2020-08-01 14:42:48,958 basehttp 154 "GET /static/images/register_banner.png HTTP/1.1" 200 54894
INFO 2020-08-01 14:44:11,058 autoreload 578 Watching for file changes with StatReloader
INFO 2020-08-01 14:44:13,187 basehttp 154 "GET /users/register/ HTTP/1.1" 200 2996
INFO 2020-08-01 14:44:13,220 basehttp 154 "GET /static/css/reset.css HTTP/1.1" 200 638
INFO 2020-08-01 14:44:13,221 basehttp 154 "GET /static/css/main.css HTTP/1.1" 200 40091
INFO 2020-08-01 14:44:13,222 basehttp 154 "GET /static/images/1.png HTTP/1.1" 200 3555
INFO 2020-08-01 14:44:13,223 basehttp 154 "GET /static/images/pic_code.jpg HTTP/1.1" 200 4507
WARNING 2020-08-01 14:44:13,225 basehttp 154 "GET /static/ HTTP/1.1" 404 1634
INFO 2020-08-01 14:44:13,239 basehttp 154 "GET /static/images/interval_line.png HTTP/1.1" 200 1123
INFO 2020-08-01 14:44:13,240 basehttp 154 "GET /static/images/icons02.png HTTP/1.1" 200 3935
INFO 2020-08-01 14:44:13,240 basehttp 154 "GET /static/images/register_banner.png HTTP/1.1" 200 54894
INFO 2020-08-01 14:47:06,018 autoreload 578 Watching for file changes with StatReloader
INFO 2020-08-01 14:47:12,395 basehttp 154 "GET /users/register/ HTTP/1.1" 200 3116
INFO 2020-08-01 14:47:12,424 basehttp 154 "GET /static/css/reset.css HTTP/1.1" 200 638
INFO 2020-08-01 14:47:12,425 basehttp 154 "GET /static/js/register.js HTTP/1.1" 200 0
INFO 2020-08-01 14:47:12,427 basehttp 154 "GET /static/css/main.css HTTP/1.1" 200 40091
INFO 2020-08-01 14:47:12,428 basehttp 154 "GET /static/images/1.png HTTP/1.1" 200 3555
INFO 2020-08-01 14:47:12,431 basehttp 154 "GET /static/images/pic_code.jpg HTTP/1.1" 200 4507
INFO 2020-08-01 14:47:12,440 basehttp 154 "GET /static/images/interval_line.png HTTP/1.1" 200 1123
INFO 2020-08-01 14:47:12,440 basehttp 154 "GET /static/images/icons02.png HTTP/1.1" 200 3935
INFO 2020-08-01 14:47:12,441 basehttp 154 "GET /static/images/register_banner.png HTTP/1.1" 200 54894
INFO 2020-08-01 14:47:12,468 basehttp 154 "GET /static/js/axios-0.18.0.min.js HTTP/1.1" 200 12941
INFO 2020-08-01 14:47:12,513 basehttp 154 "GET /static/js/vue-2.5.16.js HTTP/1.1" 200 289307
WARNING 2020-08-01 14:47:12,543 basehttp 154 "GET /static/js/axios.min.map HTTP/1.1" 404 1672
INFO 2020-08-01 15:35:26,890 autoreload 203 D:\郝艺杰\Django项目自己写\lgshop\apps\users\views.py changed, reloading.
INFO 2020-08-01 15:35:27,925 autoreload 578 Watching for file changes with StatReloader
INFO 2020-08-01 15:37:30,449 autoreload 578 Watching for file changes with StatReloader
INFO 2020-08-01 15:37:30,781 basehttp 154 "GET /users/register/ HTTP/1.1" 200 3387
INFO 2020-08-01 15:37:30,818 basehttp 154 "GET /static/css/reset.css HTTP/1.1" 200 638
INFO 2020-08-01 15:37:30,819 basehttp 154 "GET /static/css/main.css HTTP/1.1" 200 40091
INFO 2020-08-01 15:37:30,822 basehttp 154 "GET /static/images/1.png HTTP/1.1" 200 3555
INFO 2020-08-01 15:37:30,823 basehttp 154 "GET /static/js/register.js HTTP/1.1" 200 2765
INFO 2020-08-01 15:37:30,824 basehttp 154 "GET /static/js/axios-0.18.0.min.js HTTP/1.1" 200 12941
INFO 2020-08-01 15:37:30,828 basehttp 154 "GET /static/images/pic_code.jpg HTTP/1.1" 200 4507
INFO 2020-08-01 15:37:30,829 basehttp 154 "GET /static/js/vue-2.5.16.js HTTP/1.1" 200 289307
INFO 2020-08-01 15:37:30,841 basehttp 154 "GET /static/images/interval_line.png HTTP/1.1" 200 1123
INFO 2020-08-01 15:37:30,841 basehttp 154 "GET /static/images/icons02.png HTTP/1.1" 200 3935
INFO 2020-08-01 15:37:30,842 basehttp 154 "GET /static/images/register_banner.png HTTP/1.1" 200 54894
WARNING 2020-08-01 15:37:30,955 basehttp 154 "GET /static/js/axios.min.map HTTP/1.1" 404 1672
INFO 2020-08-01 15:38:19,308 autoreload 578 Watching for file changes with StatReloader
INFO 2020-08-01 15:38:21,768 basehttp 154 "GET /users/register/ HTTP/1.1" 200 3387
INFO 2020-08-01 15:38:21,809 basehttp 154 "GET /static/css/reset.css HTTP/1.1" 200 638
INFO 2020-08-01 15:38:21,810 basehttp 154 "GET /static/css/main.css HTTP/1.1" 200 40091
INFO 2020-08-01 15:38:21,814 basehttp 154 "GET /static/images/1.png HTTP/1.1" 200 3555
INFO 2020-08-01 15:38:21,814 basehttp 154 "GET /static/js/axios-0.18.0.min.js HTTP/1.1" 200 12941
INFO 2020-08-01 15:38:21,817 basehttp 154 "GET /static/js/register.js HTTP/1.1" 200 2763
INFO 2020-08-01 15:38:21,820 basehttp 154 "GET /static/js/vue-2.5.16.js HTTP/1.1" 200 289307
INFO 2020-08-01 15:38:21,823 basehttp 154 "GET /static/images/pic_code.jpg HTTP/1.1" 200 4507
INFO 2020-08-01 15:38:21,834 basehttp 154 "GET /static/images/interval_line.png HTTP/1.1" 200 1123
INFO 2020-08-01 15:38:21,837 basehttp 154 "GET /static/images/register_banner.png HTTP/1.1" 200 54894
INFO 2020-08-01 15:38:21,839 basehttp 154 "GET /static/images/icons02.png HTTP/1.1" 200 3935
WARNING 2020-08-01 15:38:21,904 basehttp 154 "GET /static/js/axios.min.map HTTP/1.1" 404 1672
INFO 2020-08-01 16:19:30,526 autoreload 203 D:\郝艺杰\Django项目自己写\lgshop\apps\users\views.py changed, reloading.
INFO 2020-08-01 16:19:31,617 autoreload 578 Watching for file changes with StatReloader
INFO 2020-08-01 16:29:30,159 autoreload 203 D:\郝艺杰\Django项目自己写\lgshop\apps\users\urls.py changed, reloading.
INFO 2020-08-01 16:29:31,260 autoreload 578 Watching for file changes with StatReloader
INFO 2020-08-02 09:46:44,443 autoreload 203 D:\郝艺杰\Django项目自己写\lgshop\lgshop\urls.py changed, reloading.
INFO 2020-08-02 09:46:45,759 autoreload 578 Watching for file changes with StatReloader
INFO 2020-08-02 13:37:15,781 autoreload 578 Watching for file changes with StatReloader
INFO 2020-08-02 13:39:37,789 autoreload 578 Watching for file changes with StatReloader
WARNING 2020-08-02 13:39:41,508 log 222 Not Found: /
WARNING 2020-08-02 13:39:41,509 basehttp 154 "GET / HTTP/1.1" 404 2103
INFO 2020-08-02 13:39:54,571 basehttp 154 "GET /users/register/ HTTP/1.1" 200 3540
INFO 2020-08-02 13:39:54,598 basehttp 154 "GET /static/js/register.js HTTP/1.1" 200 4280
INFO 2020-08-02 13:39:54,617 basehttp 154 "GET /static/js/common.js%20 HTTP/1.1" 200 891
WARNING 2020-08-02 13:39:58,472 basehttp 154 "GET /static/js/axios.min.map HTTP/1.1" 404 1672
INFO 2020-08-02 13:40:51,232 autoreload 578 Watching for file changes with StatReloader
INFO 2020-08-02 13:40:53,718 basehttp 154 "GET /users/register/ HTTP/1.1" 200 3540
INFO 2020-08-02 13:40:53,753 basehttp 154 "GET /static/css/reset.css HTTP/1.1" 200 638
INFO 2020-08-02 13:40:53,761 basehttp 154 "GET /static/js/register.js HTTP/1.1" 200 4278
INFO 2020-08-02 13:40:53,761 basehttp 154 "GET /static/js/common.js%20 HTTP/1.1" 200 891
INFO 2020-08-02 13:40:53,795 basehttp 154 "GET /static/js/axios-0.18.0.min.js HTTP/1.1" 200 12941
INFO 2020-08-02 13:40:53,808 basehttp 154 "GET /static/css/main.css HTTP/1.1" 200 40091
INFO 2020-08-02 13:40:53,830 basehttp 154 "GET /static/images/1.png HTTP/1.1" 200 3555
INFO 2020-08-02 13:40:53,842 basehttp 154 "GET /static/js/vue-2.5.16.js HTTP/1.1" 200 289307
INFO 2020-08-02 13:40:53,853 basehttp 154 "GET /static/images/interval_line.png HTTP/1.1" 200 1123
INFO 2020-08-02 13:40:53,866 basehttp 154 "GET /static/images/icons02.png HTTP/1.1" 200 3935
INFO 2020-08-02 13:40:53,912 basehttp 154 "GET /static/images/register_banner.png HTTP/1.1" 200 54894
WARNING 2020-08-02 13:40:53,918 basehttp 154 "GET /static/js/axios.min.map HTTP/1.1" 404 1672
INFO 2020-08-02 13:41:12,789 autoreload 578 Watching for file changes with StatReloader
INFO 2020-08-02 13:41:15,609 basehttp 154 "GET /users/register/ HTTP/1.1" 200 3540
INFO 2020-08-02 13:41:15,647 basehttp 154 "GET /static/css/reset.css HTTP/1.1" 200 638
INFO 2020-08-02 13:41:15,648 basehttp 154 "GET /static/js/axios-0.18.0.min.js HTTP/1.1" 200 12941
INFO 2020-08-02 13:41:15,649 basehttp 154 "GET /static/js/common.js%20 HTTP/1.1" 200 891
INFO 2020-08-02 13:41:15,649 basehttp 154 "GET /static/css/main.css HTTP/1.1" 200 40091
INFO 2020-08-02 13:41:15,649 basehttp 154 "GET /static/js/register.js HTTP/1.1" 200 4276
INFO 2020-08-02 13:41:15,651 basehttp 154 "GET /static/js/vue-2.5.16.js HTTP/1.1" 200 289307
INFO 2020-08-02 13:41:15,655 basehttp 154 "GET /static/images/1.png HTTP/1.1" 200 3555
INFO 2020-08-02 13:41:15,663 basehttp 154 "GET /static/images/interval_line.png HTTP/1.1" 200 1123
INFO 2020-08-02 13:41:15,664 basehttp 154 "GET /static/images/icons02.png HTTP/1.1" 200 3935
INFO 2020-08-02 13:41:15,664 basehttp 154 "GET /static/images/register_banner.png HTTP/1.1" 200 54894
WARNING 2020-08-02 13:41:15,708 basehttp 154 "GET /static/js/axios.min.map HTTP/1.1" 404 1672
INFO 2020-08-02 13:42:19,016 autoreload 578 Watching for file changes with StatReloader
INFO 2020-08-02 13:42:19,852 basehttp 154 "GET /users/register/ HTTP/1.1" 200 3540
INFO 2020-08-02 13:42:19,881 basehttp 154 "GET /static/css/reset.css HTTP/1.1" 200 638
INFO 2020-08-02 13:42:19,882 basehttp 154 "GET /static/js/common.js%20 HTTP/1.1" 200 891
INFO 2020-08-02 13:42:19,883 basehttp 154 "GET /static/js/register.js HTTP/1.1" 200 4277
INFO 2020-08-02 13:42:19,884 basehttp 154 "GET /static/css/main.css HTTP/1.1" 200 40091
INFO 2020-08-02 13:42:19,884 basehttp 154 "GET /static/js/axios-0.18.0.min.js HTTP/1.1" 200 12941
INFO 2020-08-02 13:42:19,886 basehttp 154 "GET /static/js/vue-2.5.16.js HTTP/1.1" 200 289307
INFO 2020-08-02 13:42:19,895 basehttp 154 "GET /static/images/1.png HTTP/1.1" 200 3555
INFO 2020-08-02 13:42:19,912 basehttp 154 "GET /static/images/register_banner.png HTTP/1.1" 200 54894
INFO 2020-08-02 13:42:19,913 basehttp 154 "GET /static/images/icons02.png HTTP/1.1" 200 3935
INFO 2020-08-02 13:42:19,914 basehttp 154 "GET /static/images/interval_line.png HTTP/1.1" 200 1123
WARNING 2020-08-02 13:42:19,952 basehttp 154 "GET /static/js/axios.min.map HTTP/1.1" 404 1672
WARNING 2020-08-02 13:42:20,002 log 222 Not Found: /users/register/image_code/6ef4ca2e-854a-405c-886f-47820bcfdedf/
WARNING 2020-08-02 13:42:20,003 basehttp 154 "GET /users/register/image_code/6ef4ca2e-854a-405c-886f-47820bcfdedf/ HTTP/1.1" 404 2792
WARNING 2020-08-02 13:42:23,559 log 222 Not Found: /users/register/image_code/1891a29a-9422-4084-ad35-2badc1b26617/
WARNING 2020-08-02 13:42:23,560 basehttp 154 "GET /users/register/image_code/1891a29a-9422-4084-ad35-2badc1b26617/ HTTP/1.1" 404 2792
WARNING 2020-08-02 13:42:24,318 log 222 Not Found: /users/register/image_code/0ca907f2-1d23-4c8c-961b-114a53254055/
WARNING 2020-08-02 13:42:24,318 basehttp 154 "GET /users/register/image_code/0ca907f2-1d23-4c8c-961b-114a53254055/ HTTP/1.1" 404 2792
WARNING 2020-08-02 13:42:56,690 log 222 Not Found: /users/register/users/mobile//count/
WARNING 2020-08-02 13:42:56,690 basehttp 154 "GET /users/register/users/mobile//count/ HTTP/1.1" 404 2708
WARNING 2020-08-02 13:42:58,688 log 222 Not Found: /users/register/image_code/5433f231-34c8-49dc-8d2a-d23817598c29/
WARNING 2020-08-02 13:42:58,688 basehttp 154 "GET /users/register/image_code/5433f231-34c8-49dc-8d2a-d23817598c29/ HTTP/1.1" 404 2792
WARNING 2020-08-02 13:42:58,940 log 222 Not Found: /users/register/image_code/068de95c-4b34-4324-a520-38e75452752b/
WARNING 2020-08-02 13:42:58,941 basehttp 154 "GET /users/register/image_code/068de95c-4b34-4324-a520-38e75452752b/ HTTP/1.1" 404 2792
WARNING 2020-08-02 13:42:59,176 log 222 Not Found: /users/register/image_code/8edf19d3-bb74-4739-9fca-d291d8e6b16f/
WARNING 2020-08-02 13:42:59,177 basehttp 154 "GET /users/register/image_code/8edf19d3-bb74-4739-9fca-d291d8e6b16f/ HTTP/1.1" 404 2792
WARNING 2020-08-02 13:42:59,417 log 222 Not Found: /users/register/image_code/69fca214-d0f0-4db8-a710-2dfb68a8a772/
WARNING 2020-08-02 13:42:59,418 basehttp 154 "GET /users/register/image_code/69fca214-d0f0-4db8-a710-2dfb68a8a772/ HTTP/1.1" 404 2792
WARNING 2020-08-02 13:42:59,619 log 222 Not Found: /users/register/image_code/589fae2e-f005-44e9-a9e6-c8c52ce4014a/
WARNING 2020-08-02 13:42:59,620 basehttp 154 "GET /users/register/image_code/589fae2e-f005-44e9-a9e6-c8c52ce4014a/ HTTP/1.1" 404 2792
WARNING 2020-08-02 13:43:00,079 log 222 Not Found: /users/register/image_code/bdb0e1c5-07c5-4bc8-8a39-1dc50cadf60d/
WARNING 2020-08-02 13:43:00,080 basehttp 154 "GET /users/register/image_code/bdb0e1c5-07c5-4bc8-8a39-1dc50cadf60d/ HTTP/1.1" 404 2792
INFO 2020-08-02 13:46:06,931 autoreload 578 Watching for file changes with StatReloader
INFO 2020-08-02 13:46:08,188 basehttp 154 "GET /users/register/ HTTP/1.1" 200 3540
INFO 2020-08-02 13:46:08,229 basehttp 154 "GET /static/css/reset.css HTTP/1.1" 200 638
INFO 2020-08-02 13:46:08,231 basehttp 154 "GET /static/css/main.css HTTP/1.1" 200 40091
INFO 2020-08-02 13:46:08,234 basehttp 154 "GET /static/js/axios-0.18.0.min.js HTTP/1.1" 200 12941
INFO 2020-08-02 13:46:08,235 basehttp 154 "GET /static/js/common.js%20 HTTP/1.1" 200 891
INFO 2020-08-02 13:46:08,237 basehttp 154 "GET /static/js/register.js HTTP/1.1" 200 4278
INFO 2020-08-02 13:46:08,239 basehttp 154 "GET /static/js/vue-2.5.16.js HTTP/1.1" 200 289307
INFO 2020-08-02 13:46:08,241 basehttp 154 "GET /static/images/1.png HTTP/1.1" 200 3555
INFO 2020-08-02 13:46:08,257 basehttp 154 "GET /static/images/interval_line.png HTTP/1.1" 200 1123
INFO 2020-08-02 13:46:08,257 basehttp 154 "GET /static/images/icons02.png HTTP/1.1" 200 3935
INFO 2020-08-02 13:46:08,258 basehttp 154 "GET /static/images/register_banner.png HTTP/1.1" 200 54894
WARNING 2020-08-02 13:46:08,336 log 222 Not Found: /image_code/883098f9-3d0a-4d41-875e-732da885aaad/
WARNING 2020-08-02 13:46:08,337 basehttp 154 "GET /image_code/883098f9-3d0a-4d41-875e-732da885aaad/ HTTP/1.1" 404 2265
WARNING 2020-08-02 13:46:08,394 basehttp 154 "GET /static/js/axios.min.map HTTP/1.1" 404 1672
INFO 2020-08-02 13:46:24,956 basehttp 154 "GET /users/register/ HTTP/1.1" 200 3540
INFO 2020-08-02 13:46:24,977 basehttp 154 "GET /static/css/reset.css HTTP/1.1" 200 638
INFO 2020-08-02 13:46:24,979 basehttp 154 "GET /static/css/main.css HTTP/1.1" 200 40091
INFO 2020-08-02 13:46:24,979 basehttp 154 "GET /static/js/common.js%20 HTTP/1.1" 200 891
INFO 2020-08-02 13:46:24,982 basehttp 154 "GET /static/js/register.js HTTP/1.1" 200 4278
INFO 2020-08-02 13:46:24,982 basehttp 154 "GET /static/js/axios-0.18.0.min.js HTTP/1.1" 200 12941
INFO 2020-08-02 13:46:24,985 basehttp 154 "GET /static/js/vue-2.5.16.js HTTP/1.1" 200 289307
INFO 2020-08-02 13:46:24,985 basehttp 154 "GET /static/images/1.png HTTP/1.1" 200 3555
INFO 2020-08-02 13:46:24,996 basehttp 154 "GET /static/images/interval_line.png HTTP/1.1" 200 1123
INFO 2020-08-02 13:46:24,997 basehttp 154 "GET /static/images/icons02.png HTTP/1.1" 200 3935
INFO 2020-08-02 13:46:24,998 basehttp 154 "GET /static/images/register_banner.png HTTP/1.1" 200 54894
WARNING 2020-08-02 13:46:25,056 basehttp 154 "GET /static/js/axios.min.map HTTP/1.1" 404 1672
WARNING 2020-08-02 13:46:25,058 log 222 Not Found: /image_code/70ea688d-970c-46a4-bc90-b0b39478ce4a/
WARNING 2020-08-02 13:46:25,059 basehttp 154 "GET /image_code/70ea688d-970c-46a4-bc90-b0b39478ce4a/ HTTP/1.1" 404 2265
INFO 2020-08-02 13:46:25,727 basehttp 154 "GET /users/register/ HTTP/1.1" 200 3540
INFO 2020-08-02 13:46:25,754 basehttp 154 "GET /static/css/reset.css HTTP/1.1" 200 638
INFO 2020-08-02 13:46:25,754 basehttp 154 "GET /static/js/axios-0.18.0.min.js HTTP/1.1" 200 12941
INFO 2020-08-02 13:46:25,755 basehttp 154 "GET /static/js/register.js HTTP/1.1" 200 4278
INFO 2020-08-02 13:46:25,755 basehttp 154 "GET /static/css/main.css HTTP/1.1" 200 40091
INFO 2020-08-02 13:46:25,755 basehttp 154 "GET /static/js/common.js%20 HTTP/1.1" 200 891
INFO 2020-08-02 13:46:25,757 basehttp 154 "GET /static/js/vue-2.5.16.js HTTP/1.1" 200 289307
INFO 2020-08-02 13:46:25,767 basehttp 154 "GET /static/images/1.png HTTP/1.1" 200 3555
INFO 2020-08-02 13:46:25,773 basehttp 154 "GET /static/images/icons02.png HTTP/1.1" 200 3935
INFO 2020-08-02 13:46:25,774 basehttp 154 "GET /static/images/interval_line.png HTTP/1.1" 200 1123
INFO 2020-08-02 13:46:25,776 basehttp 154 "GET /static/images/register_banner.png HTTP/1.1" 200 54894
WARNING 2020-08-02 13:46:25,798 basehttp 154 "GET /static/js/axios.min.map HTTP/1.1" 404 1672
WARNING 2020-08-02 13:46:25,822 log 222 Not Found: /image_code/b9bea71c-dca2-45c8-9262-694024a89e75/
WARNING 2020-08-02 13:46:25,823 basehttp 154 "GET /image_code/b9bea71c-dca2-45c8-9262-694024a89e75/ HTTP/1.1" 404 2265
INFO 2020-08-02 13:46:26,219 basehttp 154 "GET /users/register/ HTTP/1.1" 200 3540
INFO 2020-08-02 13:46:26,243 basehttp 154 "GET /static/css/reset.css HTTP/1.1" 200 638
INFO 2020-08-02 13:46:26,243 basehttp 154 "GET /static/js/axios-0.18.0.min.js HTTP/1.1" 200 12941
INFO 2020-08-02 13:46:26,244 basehttp 154 "GET /static/js/register.js HTTP/1.1" 200 4278
INFO 2020-08-02 13:46:26,246 basehttp 154 "GET /static/css/main.css HTTP/1.1" 200 40091
INFO 2020-08-02 13:46:26,247 basehttp 154 "GET /static/js/common.js%20 HTTP/1.1" 200 891
INFO 2020-08-02 13:46:26,249 basehttp 154 "GET /static/js/vue-2.5.16.js HTTP/1.1" 200 289307
INFO 2020-08-02 13:46:26,254 basehttp 154 "GET /static/images/1.png HTTP/1.1" 200 3555
INFO 2020-08-02 13:46:26,266 basehttp 154 "GET /static/images/icons02.png HTTP/1.1" 200 3935
INFO 2020-08-02 13:46:26,266 basehttp 154 "GET /static/images/interval_line.png HTTP/1.1" 200 1123
INFO 2020-08-02 13:46:26,267 basehttp 154 "GET /static/images/register_banner.png HTTP/1.1" 200 54894
WARNING 2020-08-02 13:46:26,309 basehttp 154 "GET /static/js/axios.min.map HTTP/1.1" 404 1672
WARNING 2020-08-02 13:46:26,319 log 222 Not Found: /image_code/1358b6d2-ac1a-4fde-874c-25966cfcffb7/
WARNING 2020-08-02 13:46:26,319 basehttp 154 "GET /image_code/1358b6d2-ac1a-4fde-874c-25966cfcffb7/ HTTP/1.1" 404 2265
INFO 2020-08-02 13:46:26,442 basehttp 154 "GET /users/register/ HTTP/1.1" 200 3540
INFO 2020-08-02 13:46:26,469 basehttp 154 "GET /static/css/reset.css HTTP/1.1" 200 638
INFO 2020-08-02 13:46:26,470 basehttp 154 "GET /static/css/main.css HTTP/1.1" 200 40091
INFO 2020-08-02 13:46:26,471 basehttp 154 "GET /static/js/common.js%20 HTTP/1.1" 200 891
INFO 2020-08-02 13:46:26,471 basehttp 154 "GET /static/js/axios-0.18.0.min.js HTTP/1.1" 200 12941
INFO 2020-08-02 13:46:26,472 basehttp 154 "GET /static/js/register.js HTTP/1.1" 200 4278
INFO 2020-08-02 13:46:26,477 basehttp 154 "GET /static/js/vue-2.5.16.js HTTP/1.1" 200 289307
INFO 2020-08-02 13:46:26,478 basehttp 154 "GET /static/images/1.png HTTP/1.1" 200 3555
INFO 2020-08-02 13:46:26,488 basehttp 154 "GET /static/images/interval_line.png HTTP/1.1" 200 1123
INFO 2020-08-02 13:46:26,488 basehttp 154 "GET /static/images/icons02.png HTTP/1.1" 200 3935
INFO 2020-08-02 13:46:26,489 basehttp 154 "GET /static/images/register_banner.png HTTP/1.1" 200 54894
WARNING 2020-08-02 13:46:26,534 basehttp 154 "GET /static/js/axios.min.map HTTP/1.1" 404 1672
WARNING 2020-08-02 13:46:26,545 log 222 Not Found: /image_code/944d988f-8321-494c-8e60-75a4e7184603/
WARNING 2020-08-02 13:46:26,547 basehttp 154 "GET /image_code/944d988f-8321-494c-8e60-75a4e7184603/ HTTP/1.1" 404 2265
INFO 2020-08-02 13:46:26,625 basehttp 154 "GET /users/register/ HTTP/1.1" 200 3540
INFO 2020-08-02 13:46:26,657 basehttp 154 "GET /static/css/reset.css HTTP/1.1" 200 638
INFO 2020-08-02 13:46:26,657 basehttp 154 "GET /static/js/axios-0.18.0.min.js HTTP/1.1" 200 12941
INFO 2020-08-02 13:46:26,660 basehttp 154 "GET /static/js/common.js%20 HTTP/1.1" 200 891
INFO 2020-08-02 13:46:26,661 basehttp 154 "GET /static/css/main.css HTTP/1.1" 200 40091
INFO 2020-08-02 13:46:26,662 basehttp 154 "GET /static/js/register.js HTTP/1.1" 200 4278
INFO 2020-08-02 13:46:26,668 basehttp 154 "GET /static/js/vue-2.5.16.js HTTP/1.1" 200 289307
INFO 2020-08-02 13:46:26,670 basehttp 154 "GET /static/images/1.png HTTP/1.1" 200 3555
INFO 2020-08-02 13:46:26,683 basehttp 154 "GET /static/images/interval_line.png HTTP/1.1" 200 1123
INFO 2020-08-02 13:46:26,684 basehttp 154 "GET /static/images/icons02.png HTTP/1.1" 200 3935
INFO 2020-08-02 13:46:26,685 basehttp 154 "GET /static/images/register_banner.png HTTP/1.1" 200 54894
WARNING 2020-08-02 13:46:26,712 basehttp 154 "GET /static/js/axios.min.map HTTP/1.1" 404 1672
WARNING 2020-08-02 13:46:26,749 log 222 Not Found: /image_code/18f3b0c3-0099-4664-b5c2-9fe4b74c4367/
WARNING 2020-08-02 13:46:26,750 basehttp 154 "GET /image_code/18f3b0c3-0099-4664-b5c2-9fe4b74c4367/ HTTP/1.1" 404 2265
INFO 2020-08-02 13:46:26,827 basehttp 154 "GET /users/register/ HTTP/1.1" 200 3540
INFO 2020-08-02 13:46:26,854 basehttp 154 "GET /static/css/reset.css HTTP/1.1" 200 638
INFO 2020-08-02 13:46:26,856 basehttp 154 "GET /static/js/common.js%20 HTTP/1.1" 200 891
INFO 2020-08-02 13:46:26,856 basehttp 154 "GET /static/js/axios-0.18.0.min.js HTTP/1.1" 200 12941
INFO 2020-08-02 13:46:26,856 basehttp 154 "GET /static/css/main.css HTTP/1.1" 200 40091
INFO 2020-08-02 13:46:26,856 basehttp 154 "GET /static/js/register.js HTTP/1.1" 200 4278
INFO 2020-08-02 13:46:26,860 basehttp 154 "GET /static/js/vue-2.5.16.js HTTP/1.1" 200 289307
INFO 2020-08-02 13:46:26,873 basehttp 154 "GET /static/images/1.png HTTP/1.1" 200 3555
INFO 2020-08-02 13:46:26,877 basehttp 154 "GET /static/images/interval_line.png HTTP/1.1" 200 1123
INFO 2020-08-02 13:46:26,880 basehttp 154 "GET /static/images/icons02.png HTTP/1.1" 200 3935
INFO 2020-08-02 13:46:26,881 basehttp 154 "GET /static/images/register_banner.png HTTP/1.1" 200 54894
WARNING 2020-08-02 13:46:26,911 basehttp 154 "GET /static/js/axios.min.map HTTP/1.1" 404 1672
WARNING 2020-08-02 13:46:26,939 log 222 Not Found: /image_code/460f7ac9-96cf-4eac-850b-814db646d222/
WARNING 2020-08-02 13:46:26,940 basehttp 154 "GET /image_code/460f7ac9-96cf-4eac-850b-814db646d222/ HTTP/1.1" 404 2265
INFO 2020-08-02 13:46:27,020 basehttp 154 "GET /users/register/ HTTP/1.1" 200 3540
INFO 2020-08-02 13:46:27,050 basehttp 154 "GET /static/css/reset.css HTTP/1.1" 200 638
INFO 2020-08-02 13:46:27,051 basehttp 154 "GET /static/js/common.js%20 HTTP/1.1" 200 891
INFO 2020-08-02 13:46:27,051 basehttp 154 "GET /static/js/axios-0.18.0.min.js HTTP/1.1" 200 12941
INFO 2020-08-02 13:46:27,052 basehttp 154 "GET /static/css/main.css HTTP/1.1" 200 40091
INFO 2020-08-02 13:46:27,052 basehttp 154 "GET /static/js/register.js HTTP/1.1" 200 4278
INFO 2020-08-02 13:46:27,054 basehttp 154 "GET /static/js/vue-2.5.16.js HTTP/1.1" 200 289307
INFO 2020-08-02 13:46:27,063 basehttp 154 "GET /static/images/1.png HTTP/1.1" 200 3555
INFO 2020-08-02 13:46:27,072 basehttp 154 "GET /static/images/interval_line.png HTTP/1.1" 200 1123
INFO 2020-08-02 13:46:27,072 basehttp 154 "GET /static/images/icons02.png HTTP/1.1" 200 3935
INFO 2020-08-02 13:46:27,073 basehttp 154 "GET /static/images/register_banner.png HTTP/1.1" 200 54894
WARNING 2020-08-02 13:46:27,093 basehttp 154 "GET /static/js/axios.min.map HTTP/1.1" 404 1672
WARNING 2020-08-02 13:46:27,122 log 222 Not Found: /image_code/f93b149c-b2ac-403c-bcd5-bf2e0abda366/
WARNING 2020-08-02 13:46:27,123 basehttp 154 "GET /image_code/f93b149c-b2ac-403c-bcd5-bf2e0abda366/ HTTP/1.1" 404 2265
INFO 2020-08-02 13:46:27,205 basehttp 154 "GET /users/register/ HTTP/1.1" 200 3540
INFO 2020-08-02 13:46:27,226 basehttp 154 "GET /static/css/reset.css HTTP/1.1" 200 638
INFO 2020-08-02 13:46:27,228 basehttp 154 "GET /static/js/axios-0.18.0.min.js HTTP/1.1" 200 12941
INFO 2020-08-02 13:46:27,230 basehttp 154 "GET /static/js/common.js%20 HTTP/1.1" 200 891
INFO 2020-08-02 13:46:27,230 basehttp 154 "GET /static/js/register.js HTTP/1.1" 200 4278
INFO 2020-08-02 13:46:27,231 basehttp 154 "GET /static/css/main.css HTTP/1.1" 200 40091
INFO 2020-08-02 13:46:27,232 basehttp 154 "GET /static/js/vue-2.5.16.js HTTP/1.1" 200 289307
INFO 2020-08-02 13:46:27,237 basehttp 154 "GET /static/images/1.png HTTP/1.1" 200 3555
INFO 2020-08-02 13:46:27,249 basehttp 154 "GET /static/images/interval_line.png HTTP/1.1" 200 1123
INFO 2020-08-02 13:46:27,250 basehttp 154 "GET /static/images/icons02.png HTTP/1.1" 200 3935
INFO 2020-08-02 13:46:27,251 basehttp 154 "GET /static/images/register_banner.png HTTP/1.1" 200 54894
WARNING 2020-08-02 13:46:27,287 basehttp 154 "GET /static/js/axios.min.map HTTP/1.1" 404 1672
WARNING 2020-08-02 13:46:27,301 log 222 Not Found: /image_code/3b7bb81e-9c1f-4857-9e24-3f5661ff19c9/
WARNING 2020-08-02 13:46:27,301 basehttp 154 "GET /image_code/3b7bb81e-9c1f-4857-9e24-3f5661ff19c9/ HTTP/1.1" 404 2265
INFO 2020-08-02 13:46:27,368 basehttp 154 "GET /users/register/ HTTP/1.1" 200 3540
INFO 2020-08-02 13:46:27,394 basehttp 154 "GET /static/js/common.js%20 HTTP/1.1" 200 891
INFO 2020-08-02 13:46:27,396 basehttp 154 "GET /static/css/main.css HTTP/1.1" 200 40091
INFO 2020-08-02 13:46:27,397 basehttp 154 "GET /static/css/reset.css HTTP/1.1" 200 638
INFO 2020-08-02 13:46:27,399 basehttp 154 "GET /static/js/axios-0.18.0.min.js HTTP/1.1" 200 12941
INFO 2020-08-02 13:46:27,400 basehttp 154 "GET /static/js/register.js HTTP/1.1" 200 4278
INFO 2020-08-02 13:46:27,402 basehttp 154 "GET /static/js/vue-2.5.16.js HTTP/1.1" 200 289307
INFO 2020-08-02 13:46:27,408 basehttp 154 "GET /static/images/1.png HTTP/1.1" 200 3555
INFO 2020-08-02 13:46:27,416 basehttp 154 "GET /static/images/interval_line.png HTTP/1.1" 200 1123
INFO 2020-08-02 13:46:27,417 basehttp 154 "GET /static/images/icons02.png HTTP/1.1" 200 3935
INFO 2020-08-02 13:46:27,418 basehttp 154 "GET /static/images/register_banner.png HTTP/1.1" 200 54894
WARNING 2020-08-02 13:46:27,441 basehttp 154 "GET /static/js/axios.min.map HTTP/1.1" 404 1672
WARNING 2020-08-02 13:46:27,469 log 222 Not Found: /image_code/af2ae305-1b4d-4e94-a01f-20bb4bb90e37/
WARNING 2020-08-02 13:46:27,469 basehttp 154 "GET /image_code/af2ae305-1b4d-4e94-a01f-20bb4bb90e37/ HTTP/1.1" 404 2265
INFO 2020-08-02 13:46:27,890 basehttp 154 "GET /users/register/ HTTP/1.1" 200 3540
INFO 2020-08-02 13:46:27,919 basehttp 154 "GET /static/js/axios-0.18.0.min.js HTTP/1.1" 200 12941
INFO 2020-08-02 13:46:27,919 basehttp 154 "GET /static/js/register.js HTTP/1.1" 200 4278
INFO 2020-08-02 13:46:27,920 basehttp 154 "GET /static/css/reset.css HTTP/1.1" 200 638
INFO 2020-08-02 13:46:27,920 basehttp 154 "GET /static/js/common.js%20 HTTP/1.1" 200 891
INFO 2020-08-02 13:46:27,923 basehttp 154 "GET /static/css/main.css HTTP/1.1" 200 40091
INFO 2020-08-02 13:46:27,928 basehttp 154 "GET /static/js/vue-2.5.16.js HTTP/1.1" 200 289307
INFO 2020-08-02 13:46:27,931 basehttp 154 "GET /static/images/1.png HTTP/1.1" 200 3555
INFO 2020-08-02 13:46:27,948 basehttp 154 "GET /static/images/interval_line.png HTTP/1.1" 200 1123
INFO 2020-08-02 13:46:27,949 basehttp 154 "GET /static/images/icons02.png HTTP/1.1" 200 3935
INFO 2020-08-02 13:46:27,950 basehttp 154 "GET /static/images/register_banner.png HTTP/1.1" 200 54894
WARNING 2020-08-02 13:46:27,991 basehttp 154 "GET /static/js/axios.min.map HTTP/1.1" 404 1672
WARNING 2020-08-02 13:46:28,008 log 222 Not Found: /image_code/27bec492-003f-4e21-924a-5771d84e9d08/
WARNING 2020-08-02 13:46:28,009 basehttp 154 "GET /image_code/27bec492-003f-4e21-924a-5771d84e9d08/ HTTP/1.1" 404 2265
INFO 2020-08-02 13:46:28,136 basehttp 154 "GET /users/register/ HTTP/1.1" 200 3540
INFO 2020-08-02 13:46:28,170 basehttp 154 "GET /static/css/reset.css HTTP/1.1" 200 638
INFO 2020-08-02 13:46:28,170 basehttp 154 "GET /static/js/axios-0.18.0.min.js HTTP/1.1" 200 12941
INFO 2020-08-02 13:46:28,170 basehttp 154 "GET /static/js/register.js HTTP/1.1" 200 4278
INFO 2020-08-02 13:46:28,171 basehttp 154 "GET /static/js/common.js%20 HTTP/1.1" 200 891
INFO 2020-08-02 13:46:28,171 basehttp 154 "GET /static/css/main.css HTTP/1.1" 200 40091
INFO 2020-08-02 13:46:28,174 basehttp 154 "GET /static/js/vue-2.5.16.js HTTP/1.1" 200 289307
INFO 2020-08-02 13:46:28,186 basehttp 154 "GET /static/images/1.png HTTP/1.1" 200 3555
INFO 2020-08-02 13:46:28,196 basehttp 154 "GET /static/images/icons02.png HTTP/1.1" 200 3935
INFO 2020-08-02 13:46:28,197 basehttp 154 "GET /static/images/interval_line.png HTTP/1.1" 200 1123
INFO 2020-08-02 13:46:28,198 basehttp 154 "GET /static/images/register_banner.png HTTP/1.1" 200 54894
WARNING 2020-08-02 13:46:28,231 basehttp 154 "GET /static/js/axios.min.map HTTP/1.1" 404 1672
WARNING 2020-08-02 13:46:28,258 log 222 Not Found: /image_code/c89d73a2-6f96-45e1-beb4-3ef663afb947/
WARNING 2020-08-02 13:46:28,259 basehttp 154 "GET /image_code/c89d73a2-6f96-45e1-beb4-3ef663afb947/ HTTP/1.1" 404 2265
INFO 2020-08-02 13:46:28,303 basehttp 154 "GET /users/register/ HTTP/1.1" 200 3540
INFO 2020-08-02 13:46:28,329 basehttp 154 "GET /static/js/axios-0.18.0.min.js HTTP/1.1" 200 12941
INFO 2020-08-02 13:46:28,330 basehttp 154 "GET /static/css/reset.css HTTP/1.1" 200 638
INFO 2020-08-02 13:46:28,330 basehttp 154 "GET /static/css/main.css HTTP/1.1" 200 40091
INFO 2020-08-02 13:46:28,331 basehttp 154 "GET /static/js/common.js%20 HTTP/1.1" 200 891
INFO 2020-08-02 13:46:28,332 basehttp 154 "GET /static/js/register.js HTTP/1.1" 200 4278
INFO 2020-08-02 13:46:28,333 basehttp 154 "GET /static/js/vue-2.5.16.js HTTP/1.1" 200 289307
INFO 2020-08-02 13:46:28,338 basehttp 154 "GET /static/images/1.png HTTP/1.1" 200 3555
INFO 2020-08-02 13:46:28,352 basehttp 154 "GET /static/images/icons02.png HTTP/1.1" 200 3935
INFO 2020-08-02 13:46:28,352 basehttp 154 "GET /static/images/interval_line.png HTTP/1.1" 200 1123
INFO 2020-08-02 13:46:28,353 basehttp 154 "GET /static/images/register_banner.png HTTP/1.1" 200 54894
WARNING 2020-08-02 13:46:28,386 basehttp 154 "GET /static/js/axios.min.map HTTP/1.1" 404 1672
WARNING 2020-08-02 13:46:28,407 log 222 Not Found: /image_code/17392ce0-6e4b-4726-976d-c77939cc3e37/
WARNING 2020-08-02 13:46:28,408 basehttp 154 "GET /image_code/17392ce0-6e4b-4726-976d-c77939cc3e37/ HTTP/1.1" 404 2265
INFO 2020-08-02 13:46:28,487 basehttp 154 "GET /users/register/ HTTP/1.1" 200 3540
INFO 2020-08-02 13:46:28,512 basehttp 154 "GET /static/css/reset.css HTTP/1.1" 200 638
INFO 2020-08-02 13:46:28,513 basehttp 154 "GET /static/js/register.js HTTP/1.1" 200 4278
INFO 2020-08-02 13:46:28,514 basehttp 154 "GET /static/js/common.js%20 HTTP/1.1" 200 891
INFO 2020-08-02 13:46:28,515 basehttp 154 "GET /static/css/main.css HTTP/1.1" 200 40091
INFO 2020-08-02 13:46:28,516 basehttp 154 "GET /static/js/axios-0.18.0.min.js HTTP/1.1" 200 12941
INFO 2020-08-02 13:46:28,519 basehttp 154 "GET /static/images/1.png HTTP/1.1" 200 3555
INFO 2020-08-02 13:46:28,519 basehttp 154 "GET /static/js/vue-2.5.16.js HTTP/1.1" 200 289307
INFO 2020-08-02 13:46:28,534 basehttp 154 "GET /static/images/interval_line.png HTTP/1.1" 200 1123
INFO 2020-08-02 13:46:28,535 basehttp 154 "GET /static/images/icons02.png HTTP/1.1" 200 3935
INFO 2020-08-02 13:46:28,536 basehttp 154 "GET /static/images/register_banner.png HTTP/1.1" 200 54894
WARNING 2020-08-02 13:46:28,571 basehttp 154 "GET /static/js/axios.min.map HTTP/1.1" 404 1672
WARNING 2020-08-02 13:46:28,586 log 222 Not Found: /image_code/155a1254-5d54-45ff-8ec8-f038b535ae52/
WARNING 2020-08-02 13:46:28,587 basehttp 154 "GET /image_code/155a1254-5d54-45ff-8ec8-f038b535ae52/ HTTP/1.1" 404 2265
INFO 2020-08-02 13:46:28,660 basehttp 154 "GET /users/register/ HTTP/1.1" 200 3540
INFO 2020-08-02 13:46:28,693 basehttp 154 "GET /static/js/register.js HTTP/1.1" 200 4278
INFO 2020-08-02 13:46:28,693 basehttp 154 "GET /static/css/reset.css HTTP/1.1" 200 638
INFO 2020-08-02 13:46:28,694 basehttp 154 "GET /static/js/common.js%20 HTTP/1.1" 200 891
INFO 2020-08-02 13:46:28,695 basehttp 154 "GET /static/css/main.css HTTP/1.1" 200 40091
INFO 2020-08-02 13:46:28,696 basehttp 154 "GET /static/js/axios-0.18.0.min.js HTTP/1.1" 200 12941
INFO 2020-08-02 13:46:28,698 basehttp 154 "GET /static/js/vue-2.5.16.js HTTP/1.1" 200 289307
INFO 2020-08-02 13:46:28,708 basehttp 154 "GET /static/images/1.png HTTP/1.1" 200 3555
INFO 2020-08-02 13:46:28,719 basehttp 154 "GET /static/images/interval_line.png HTTP/1.1" 200 1123
INFO 2020-08-02 13:46:28,720 basehttp 154 "GET /static/images/icons02.png HTTP/1.1" 200 3935
INFO 2020-08-02 13:46:28,720 basehttp 154 "GET /static/images/register_banner.png HTTP/1.1" 200 54894
WARNING 2020-08-02 13:46:28,759 basehttp 154 "GET /static/js/axios.min.map HTTP/1.1" 404 1672
WARNING 2020-08-02 13:46:28,769 log 222 Not Found: /image_code/a260a5dc-06e8-4205-9d78-e32859c614a5/
WARNING 2020-08-02 13:46:28,770 basehttp 154 "GET /image_code/a260a5dc-06e8-4205-9d78-e32859c614a5/ HTTP/1.1" 404 2265
INFO 2020-08-02 13:46:28,837 basehttp 154 "GET /users/register/ HTTP/1.1" 200 3540
INFO 2020-08-02 13:46:28,866 basehttp 154 "GET /static/css/reset.css HTTP/1.1" 200 638
INFO 2020-08-02 13:46:28,868 basehttp 154 "GET /static/js/common.js%20 HTTP/1.1" 200 891
INFO 2020-08-02 13:46:28,868 basehttp 154 "GET /static/js/axios-0.18.0.min.js HTTP/1.1" 200 12941
INFO 2020-08-02 13:46:28,869 basehttp 154 "GET /static/css/main.css HTTP/1.1" 200 40091
INFO 2020-08-02 13:46:28,870 basehttp 154 "GET /static/js/register.js HTTP/1.1" 200 4278
INFO 2020-08-02 13:46:28,872 basehttp 154 "GET /static/js/vue-2.5.16.js HTTP/1.1" 200 289307
INFO 2020-08-02 13:46:28,873 basehttp 154 "GET /static/images/1.png HTTP/1.1" 200 3555
INFO 2020-08-02 13:46:28,887 basehttp 154 "GET /static/images/interval_line.png HTTP/1.1" 200 1123
INFO 2020-08-02 13:46:28,889 basehttp 154 "GET /static/images/icons02.png HTTP/1.1" 200 3935
INFO 2020-08-02 13:46:28,890 basehttp 154 "GET /static/images/register_banner.png HTTP/1.1" 200 54894
WARNING 2020-08-02 13:46:28,915 basehttp 154 "GET /static/js/axios.min.map HTTP/1.1" 404 1672
WARNING 2020-08-02 13:46:28,940 log 222 Not Found: /image_code/0de3f7e7-09bd-4228-8bd8-786fe629771a/
WARNING 2020-08-02 13:46:28,940 basehttp 154 "GET /image_code/0de3f7e7-09bd-4228-8bd8-786fe629771a/ HTTP/1.1" 404 2265
INFO 2020-08-02 13:46:29,019 basehttp 154 "GET /users/register/ HTTP/1.1" 200 3540
INFO 2020-08-02 13:46:29,049 basehttp 154 "GET /static/css/reset.css HTTP/1.1" 200 638
INFO 2020-08-02 13:46:29,051 basehttp 154 "GET /static/js/axios-0.18.0.min.js HTTP/1.1" 200 12941
INFO 2020-08-02 13:46:29,052 basehttp 154 "GET /static/js/common.js%20 HTTP/1.1" 200 891
INFO 2020-08-02 13:46:29,052 basehttp 154 "GET /static/js/register.js HTTP/1.1" 200 4278
INFO 2020-08-02 13:46:29,053 basehttp 154 "GET /static/css/main.css HTTP/1.1" 200 40091
INFO 2020-08-02 13:46:29,057 basehttp 154 "GET /static/js/vue-2.5.16.js HTTP/1.1" 200 289307
INFO 2020-08-02 13:46:29,058 basehttp 154 "GET /static/images/1.png HTTP/1.1" 200 3555
INFO 2020-08-02 13:46:29,074 basehttp 154 "GET /static/images/interval_line.png HTTP/1.1" 200 1123
INFO 2020-08-02 13:46:29,077 basehttp 154 "GET /static/images/icons02.png HTTP/1.1" 200 3935
INFO 2020-08-02 13:46:29,078 basehttp 154 "GET /static/images/register_banner.png HTTP/1.1" 200 54894
WARNING 2020-08-02 13:46:29,115 basehttp 154 "GET /static/js/axios.min.map HTTP/1.1" 404 1672
WARNING 2020-08-02 13:46:29,132 log 222 Not Found: /image_code/9033f934-126d-4b86-a696-329c3a35166c/
WARNING 2020-08-02 13:46:29,133 basehttp 154 "GET /image_code/9033f934-126d-4b86-a696-329c3a35166c/ HTTP/1.1" 404 2265
INFO 2020-08-02 13:47:52,763 autoreload 578 Watching for file changes with StatReloader
INFO 2020-08-02 13:47:54,592 basehttp 154 "GET /users/register/ HTTP/1.1" 200 3687
INFO 2020-08-02 13:47:54,650 basehttp 154 "GET /static/css/reset.css HTTP/1.1" 200 638
INFO 2020-08-02 13:47:54,650 basehttp 154 "GET /static/js/common.js%20 HTTP/1.1" 200 891
INFO 2020-08-02 13:47:54,650 basehttp 154 "GET /static/js/register.js HTTP/1.1" 200 4278
INFO 2020-08-02 13:47:54,651 basehttp 154 "GET /static/css/main.css HTTP/1.1" 200 40091
INFO 2020-08-02 13:47:54,651 basehttp 154 "GET /static/js/axios-0.18.0.min.js HTTP/1.1" 200 12941
INFO 2020-08-02 13:47:54,654 basehttp 154 "GET /static/js/vue-2.5.16.js HTTP/1.1" 200 289307
INFO 2020-08-02 13:47:54,665 basehttp 154 "GET /static/images/1.png HTTP/1.1" 200 3555
INFO 2020-08-02 13:47:54,672 basehttp 154 "GET /static/images/interval_line.png HTTP/1.1" 200 1123
INFO 2020-08-02 13:47:54,673 basehttp 154 "GET /static/images/icons02.png HTTP/1.1" 200 3935
INFO 2020-08-02 13:47:54,673 basehttp 154 "GET /static/images/register_banner.png HTTP/1.1" 200 54894
WARNING 2020-08-02 13:47:54,740 basehttp 154 "GET /static/js/axios.min.map HTTP/1.1" 404 1672
INFO 2020-08-02 13:47:55,435 basehttp 154 "GET /users/register/ HTTP/1.1" 200 3687
INFO 2020-08-02 13:47:55,457 basehttp 154 "GET /static/css/reset.css HTTP/1.1" 200 638
INFO 2020-08-02 13:47:55,461 basehttp 154 "GET /static/js/register.js HTTP/1.1" 200 4278
INFO 2020-08-02 13:47:55,461 basehttp 154 "GET /static/js/common.js%20 HTTP/1.1" 200 891
INFO 2020-08-02 13:47:55,461 basehttp 154 "GET /static/css/main.css HTTP/1.1" 200 40091
INFO 2020-08-02 13:47:55,462 basehttp 154 "GET /static/js/axios-0.18.0.min.js HTTP/1.1" 200 12941
INFO 2020-08-02 13:47:55,466 basehttp 154 "GET /static/js/vue-2.5.16.js HTTP/1.1" 200 289307
INFO 2020-08-02 13:47:55,470 basehttp 154 "GET /static/images/1.png HTTP/1.1" 200 3555
INFO 2020-08-02 13:47:55,480 basehttp 154 "GET /static/images/icons02.png HTTP/1.1" 200 3935
INFO 2020-08-02 13:47:55,481 basehttp 154 "GET /static/images/interval_line.png HTTP/1.1" 200 1123
INFO 2020-08-02 13:47:55,482 basehttp 154 "GET /static/images/register_banner.png HTTP/1.1" 200 54894
WARNING 2020-08-02 13:47:55,528 basehttp 154 "GET /static/js/axios.min.map HTTP/1.1" 404 1672
INFO 2020-08-02 13:47:55,848 basehttp 154 "GET /users/register/ HTTP/1.1" 200 3687
INFO 2020-08-02 13:47:55,876 basehttp 154 "GET /static/css/reset.css HTTP/1.1" 200 638
INFO 2020-08-02 13:47:55,878 basehttp 154 "GET /static/js/common.js%20 HTTP/1.1" 200 891
INFO 2020-08-02 13:47:55,880 basehttp 154 "GET /static/js/register.js HTTP/1.1" 200 4278
INFO 2020-08-02 13:47:55,882 basehttp 154 "GET /static/js/axios-0.18.0.min.js HTTP/1.1" 200 12941
INFO 2020-08-02 13:47:55,883 basehttp 154 "GET /static/css/main.css HTTP/1.1" 200 40091
INFO 2020-08-02 13:47:55,886 basehttp 154 "GET /static/js/vue-2.5.16.js HTTP/1.1" 200 289307
INFO 2020-08-02 13:47:55,887 basehttp 154 "GET /static/images/1.png HTTP/1.1" 200 3555
INFO 2020-08-02 13:47:55,901 basehttp 154 "GET /static/images/interval_line.png HTTP/1.1" 200 1123
INFO 2020-08-02 13:47:55,902 basehttp 154 "GET /static/images/icons02.png HTTP/1.1" 200 3935
INFO 2020-08-02 13:47:55,902 basehttp 154 "GET /static/images/register_banner.png HTTP/1.1" 200 54894
WARNING 2020-08-02 13:47:55,941 basehttp 154 "GET /static/js/axios.min.map HTTP/1.1" 404 1672
INFO 2020-08-02 13:47:56,062 basehttp 154 "GET /users/register/ HTTP/1.1" 200 3687
INFO 2020-08-02 13:47:56,100 basehttp 154 "GET /static/css/reset.css HTTP/1.1" 200 638
INFO 2020-08-02 13:47:56,102 basehttp 154 "GET /static/js/common.js%20 HTTP/1.1" 200 891
INFO 2020-08-02 13:47:56,103 basehttp 154 "GET /static/css/main.css HTTP/1.1" 200 40091
INFO 2020-08-02 13:47:56,103 basehttp 154 "GET /static/js/axios-0.18.0.min.js HTTP/1.1" 200 12941
INFO 2020-08-02 13:47:56,103 basehttp 154 "GET /static/js/register.js HTTP/1.1" 200 4278
INFO 2020-08-02 13:47:56,109 basehttp 154 "GET /static/js/vue-2.5.16.js HTTP/1.1" 200 289307
INFO 2020-08-02 13:47:56,110 basehttp 154 "GET /static/images/1.png HTTP/1.1" 200 3555
INFO 2020-08-02 13:47:56,126 basehttp 154 "GET /static/images/interval_line.png HTTP/1.1" 200 1123
INFO 2020-08-02 13:47:56,127 basehttp 154 "GET /static/images/icons02.png HTTP/1.1" 200 3935
INFO 2020-08-02 13:47:56,129 basehttp 154 "GET /static/images/register_banner.png HTTP/1.1" 200 54894
WARNING 2020-08-02 13:47:56,156 basehttp 154 "GET /static/js/axios.min.map HTTP/1.1" 404 1672
INFO 2020-08-02 13:47:56,217 basehttp 154 "GET /users/register/ HTTP/1.1" 200 3687
INFO 2020-08-02 13:47:56,245 basehttp 154 "GET /static/js/common.js%20 HTTP/1.1" 200 891
INFO 2020-08-02 13:47:56,247 basehttp 154 "GET /static/css/reset.css HTTP/1.1" 200 638
INFO 2020-08-02 13:47:56,249 basehttp 154 "GET /static/js/axios-0.18.0.min.js HTTP/1.1" 200 12941
INFO 2020-08-02 13:47:56,250 basehttp 154 "GET /static/css/main.css HTTP/1.1" 200 40091
INFO 2020-08-02 13:47:56,250 basehttp 154 "GET /static/js/register.js HTTP/1.1" 200 4278
INFO 2020-08-02 13:47:56,252 basehttp 154 "GET /static/js/vue-2.5.16.js HTTP/1.1" 200 289307
INFO 2020-08-02 13:47:56,260 basehttp 154 "GET /static/images/1.png HTTP/1.1" 200 3555
INFO 2020-08-02 13:47:56,274 basehttp 154 "GET /static/images/interval_line.png HTTP/1.1" 200 1123
INFO 2020-08-02 13:47:56,274 basehttp 154 "GET /static/images/icons02.png HTTP/1.1" 200 3935
INFO 2020-08-02 13:47:56,275 basehttp 154 "GET /static/images/register_banner.png HTTP/1.1" 200 54894
WARNING 2020-08-02 13:47:56,354 basehttp 154 "GET /static/js/axios.min.map HTTP/1.1" 404 1672
INFO 2020-08-02 13:47:56,440 basehttp 154 "GET /users/register/ HTTP/1.1" 200 3687
INFO 2020-08-02 13:47:56,463 basehttp 154 "GET /static/css/reset.css HTTP/1.1" 200 638
INFO 2020-08-02 13:47:56,466 basehttp 154 "GET /static/js/common.js%20 HTTP/1.1" 200 891
INFO 2020-08-02 13:47:56,467 basehttp 154 "GET /static/css/main.css HTTP/1.1" 200 40091
INFO 2020-08-02 13:47:56,468 basehttp 154 "GET /static/js/axios-0.18.0.min.js HTTP/1.1" 200 12941
INFO 2020-08-02 13:47:56,468 basehttp 154 "GET /static/js/register.js HTTP/1.1" 200 4278
INFO 2020-08-02 13:47:56,472 basehttp 154 "GET /static/images/1.png HTTP/1.1" 200 3555
INFO 2020-08-02 13:47:56,473 basehttp 154 "GET /static/js/vue-2.5.16.js HTTP/1.1" 200 289307
INFO 2020-08-02 13:47:56,484 basehttp 154 "GET /static/images/interval_line.png HTTP/1.1" 200 1123
INFO 2020-08-02 13:47:56,487 basehttp 154 "GET /static/images/icons02.png HTTP/1.1" 200 3935
INFO 2020-08-02 13:47:56,487 basehttp 154 "GET /static/images/register_banner.png HTTP/1.1" 200 54894
WARNING 2020-08-02 13:47:56,534 basehttp 154 "GET /static/js/axios.min.map HTTP/1.1" 404 1672
INFO 2020-08-02 13:49:32,460 autoreload 578 Watching for file changes with StatReloader
INFO 2020-08-02 13:49:33,000 basehttp 154 "GET /users/register/ HTTP/1.1" 200 3687
INFO 2020-08-02 13:49:33,037 basehttp 154 "GET /static/css/reset.css HTTP/1.1" 200 638
INFO 2020-08-02 13:49:33,038 basehttp 154 "GET /static/css/main.css HTTP/1.1" 200 40091
INFO 2020-08-02 13:49:33,041 basehttp 154 "GET /static/js/axios-0.18.0.min.js HTTP/1.1" 200 12941
INFO 2020-08-02 13:49:33,041 basehttp 154 "GET /static/js/common.js%20 HTTP/1.1" 200 891
INFO 2020-08-02 13:49:33,043 basehttp 154 "GET /static/js/register.js HTTP/1.1" 200 4278
INFO 2020-08-02 13:49:33,044 basehttp 154 "GET /static/js/vue-2.5.16.js HTTP/1.1" 200 289307
INFO 2020-08-02 13:49:33,053 basehttp 154 "GET /static/images/1.png HTTP/1.1" 200 3555
INFO 2020-08-02 13:49:33,063 basehttp 154 "GET /static/images/interval_line.png HTTP/1.1" 200 1123
INFO 2020-08-02 13:49:33,063 basehttp 154 "GET /static/images/icons02.png HTTP/1.1" 200 3935
INFO 2020-08-02 13:49:33,064 basehttp 154 "GET /static/images/register_banner.png HTTP/1.1" 200 54894
WARNING 2020-08-02 13:49:33,132 basehttp 154 "GET /static/js/axios.min.map HTTP/1.1" 404 1672
INFO 2020-08-02 13:49:33,733 basehttp 154 "GET /users/register/ HTTP/1.1" 200 3687
INFO 2020-08-02 13:49:33,762 basehttp 154 "GET /static/css/reset.css HTTP/1.1" 200 638
INFO 2020-08-02 13:49:33,764 basehttp 154 "GET /static/js/axios-0.18.0.min.js HTTP/1.1" 200 12941
INFO 2020-08-02 13:49:33,765 basehttp 154 "GET /static/js/common.js%20 HTTP/1.1" 200 891
INFO 2020-08-02 13:49:33,767 basehttp 154 "GET /static/css/main.css HTTP/1.1" 200 40091
INFO 2020-08-02 13:49:33,769 basehttp 154 "GET /static/js/register.js HTTP/1.1" 200 4278
INFO 2020-08-02 13:49:33,772 basehttp 154 "GET /static/js/vue-2.5.16.js HTTP/1.1" 200 289307
INFO 2020-08-02 13:49:33,773 basehttp 154 "GET /static/images/1.png HTTP/1.1" 200 3555
INFO 2020-08-02 13:49:33,790 basehttp 154 "GET /static/images/icons02.png HTTP/1.1" 200 3935
INFO 2020-08-02 13:49:33,791 basehttp 154 "GET /static/images/interval_line.png HTTP/1.1" 200 1123
INFO 2020-08-02 13:49:33,792 basehttp 154 "GET /static/images/register_banner.png HTTP/1.1" 200 54894
WARNING 2020-08-02 13:49:33,826 basehttp 154 "GET /static/js/axios.min.map HTTP/1.1" 404 1672
INFO 2020-08-02 13:49:33,913 basehttp 154 "GET /users/register/ HTTP/1.1" 200 3687
INFO 2020-08-02 13:49:33,968 basehttp 154 "GET /static/js/common.js%20 HTTP/1.1" 200 891
INFO 2020-08-02 13:49:33,969 basehttp 154 "GET /static/css/reset.css HTTP/1.1" 200 638
INFO 2020-08-02 13:49:33,972 basehttp 154 "GET /static/js/axios-0.18.0.min.js HTTP/1.1" 200 12941
INFO 2020-08-02 13:49:33,974 basehttp 154 "GET /static/css/main.css HTTP/1.1" 200 40091
INFO 2020-08-02 13:49:33,974 basehttp 154 "GET /static/js/register.js HTTP/1.1" 200 4278
INFO 2020-08-02 13:49:33,978 basehttp 154 "GET /static/js/vue-2.5.16.js HTTP/1.1" 200 289307
INFO 2020-08-02 13:49:33,993 basehttp 154 "GET /static/images/1.png HTTP/1.1" 200 3555
INFO 2020-08-02 13:49:34,006 basehttp 154 "GET /static/images/interval_line.png HTTP/1.1" 200 1123
INFO 2020-08-02 13:49:34,009 basehttp 154 "GET /static/images/icons02.png HTTP/1.1" 200 3935
INFO 2020-08-02 13:49:34,010 basehttp 154 "GET /static/images/register_banner.png HTTP/1.1" 200 54894
WARNING 2020-08-02 13:49:34,058 basehttp 154 "GET /static/js/axios.min.map HTTP/1.1" 404 1672
INFO 2020-08-02 13:55:48,333 autoreload 578 Watching for file changes with StatReloader
INFO 2020-08-02 13:55:51,033 basehttp 154 "GET /users/register/ HTTP/1.1" 200 3687
INFO 2020-08-02 13:55:51,082 basehttp 154 "GET /static/css/reset.css HTTP/1.1" 200 638
INFO 2020-08-02 13:55:51,086 basehttp 154 "GET /static/css/main.css HTTP/1.1" 200 40091
INFO 2020-08-02 13:55:51,089 basehttp 154 "GET /static/js/common.js%20 HTTP/1.1" 200 891
INFO 2020-08-02 13:55:51,089 basehttp 154 "GET /static/js/register.js HTTP/1.1" 200 4515
INFO 2020-08-02 13:55:51,090 basehttp 154 "GET /static/js/axios-0.18.0.min.js HTTP/1.1" 200 12941
INFO 2020-08-02 13:55:51,093 basehttp 154 "GET /static/images/1.png HTTP/1.1" 200 3555
INFO 2020-08-02 13:55:51,094 basehttp 154 "GET /static/js/vue-2.5.16.js HTTP/1.1" 200 289307
INFO 2020-08-02 13:55:51,105 basehttp 154 "GET /static/images/icons02.png HTTP/1.1" 200 3935
INFO 2020-08-02 13:55:51,105 basehttp 154 "GET /static/images/interval_line.png HTTP/1.1" 200 1123
INFO 2020-08-02 13:55:51,107 basehttp 154 "GET /static/images/register_banner.png HTTP/1.1" 200 54894
WARNING 2020-08-02 13:55:51,156 basehttp 154 "GET /static/js/axios.min.map HTTP/1.1" 404 1672
WARNING 2020-08-02 13:55:51,164 log 222 Not Found: /image_code/7c48a2bf-76a6-4071-a13d-77363d25b383/
WARNING 2020-08-02 13:55:51,165 basehttp 154 "GET /image_code/7c48a2bf-76a6-4071-a13d-77363d25b383/ HTTP/1.1" 404 2265
WARNING 2020-08-02 13:55:58,652 log 222 Not Found: /image_code/d8c653cc-632c-4fca-9797-9cddc8790fc7/
WARNING 2020-08-02 13:55:58,653 basehttp 154 "GET /image_code/d8c653cc-632c-4fca-9797-9cddc8790fc7/ HTTP/1.1" 404 2265
WARNING 2020-08-02 13:55:59,467 log 222 Not Found: /image_code/a826e135-60c0-4847-8428-b317162d68c4/
WARNING 2020-08-02 13:55:59,467 basehttp 154 "GET /image_code/a826e135-60c0-4847-8428-b317162d68c4/ HTTP/1.1" 404 2265
WARNING 2020-08-02 13:55:59,881 log 222 Not Found: /image_code/c9f8d466-aa35-4b90-a92c-f3eeda35fdfa/
WARNING 2020-08-02 13:55:59,881 basehttp 154 "GET /image_code/c9f8d466-aa35-4b90-a92c-f3eeda35fdfa/ HTTP/1.1" 404 2265
WARNING 2020-08-02 13:56:00,621 log 222 Not Found: /image_code/02b65f8d-3744-4dfe-a4b4-2cfcbcdd22c2/
WARNING 2020-08-02 13:56:00,621 basehttp 154 "GET /image_code/02b65f8d-3744-4dfe-a4b4-2cfcbcdd22c2/ HTTP/1.1" 404 2265
INFO 2020-08-02 14:05:09,006 autoreload 578 Watching for file changes with StatReloader
INFO 2020-08-02 14:05:15,573 basehttp 154 "GET /users/register/ HTTP/1.1" 200 3687
INFO 2020-08-02 14:05:15,617 basehttp 154 "GET /static/css/reset.css HTTP/1.1" 200 638
INFO 2020-08-02 14:05:15,618 basehttp 154 "GET /static/css/main.css HTTP/1.1" 200 40091
INFO 2020-08-02 14:05:15,621 basehttp 154 "GET /static/js/axios-0.18.0.min.js HTTP/1.1" 200 12941
INFO 2020-08-02 14:05:15,622 basehttp 154 "GET /static/js/common.js%20 HTTP/1.1" 200 891
INFO 2020-08-02 14:05:15,622 basehttp 154 "GET /static/js/register.js HTTP/1.1" 200 4515
INFO 2020-08-02 14:05:15,626 basehttp 154 "GET /static/js/vue-2.5.16.js HTTP/1.1" 200 289307
INFO 2020-08-02 14:05:15,627 basehttp 154 "GET /static/images/1.png HTTP/1.1" 200 3555
INFO 2020-08-02 14:05:15,635 basehttp 154 "GET /static/images/interval_line.png HTTP/1.1" 200 1123
INFO 2020-08-02 14:05:15,637 basehttp 154 "GET /static/images/icons02.png HTTP/1.1" 200 3935
INFO 2020-08-02 14:05:15,638 basehttp 154 "GET /static/images/register_banner.png HTTP/1.1" 200 54894
WARNING 2020-08-02 14:05:15,691 basehttp 154 "GET /static/js/axios.min.map HTTP/1.1" 404 1672
WARNING 2020-08-02 14:05:15,703 log 222 Not Found: /image_code/a53a6f60-3a91-4eab-a8d6-47fad26cca49/
WARNING 2020-08-02 14:05:15,704 basehttp 154 "GET /image_code/a53a6f60-3a91-4eab-a8d6-47fad26cca49/ HTTP/1.1" 404 2265
WARNING 2020-08-02 14:05:28,457 log 222 Not Found: /image_code/02132de7-15db-439e-8f71-60ecd866539c/
WARNING 2020-08-02 14:05:28,457 basehttp 154 "GET /image_code/02132de7-15db-439e-8f71-60ecd866539c/ HTTP/1.1" 404 2265
WARNING 2020-08-02 14:06:22,312 log 222 Not Found: /image_code/a53a6f60-3a91-4eab-a8d6-47fad26cca49/
WARNING 2020-08-02 14:06:22,313 basehttp 154 "GET /image_code/a53a6f60-3a91-4eab-a8d6-47fad26cca49/ HTTP/1.1" 404 2265
WARNING 2020-08-02 14:06:33,613 log 222 Not Found: /users/image_code/a53a6f60-3a91-4eab-a8d6-47fad26cca49/
WARNING 2020-08-02 14:06:33,614 basehttp 154 "GET /users/image_code/a53a6f60-3a91-4eab-a8d6-47fad26cca49/ HTTP/1.1" 404 2765
INFO 2020-08-02 14:08:29,834 autoreload 203 D:\郝艺杰\Django项目自己写\lgshop\apps\verifications\views.py changed, reloading.
INFO 2020-08-02 14:08:30,939 autoreload 578 Watching for file changes with StatReloader
INFO 2020-08-02 14:08:57,517 autoreload 203 D:\郝艺杰\Django项目自己写\lgshop\apps\verifications\views.py changed, reloading.
INFO 2020-08-02 14:08:58,557 autoreload 578 Watching for file changes with StatReloader
INFO 2020-08-02 14:10:40,401 autoreload 578 Watching for file changes with StatReloader
WARNING 2020-08-02 14:10:43,487 log 222 Not Found: /users/image_code/a53a6f60-3a91-4eab-a8d6-47fad26cca49/
WARNING 2020-08-02 14:10:43,488 basehttp 154 "GET /users/image_code/a53a6f60-3a91-4eab-a8d6-47fad26cca49/ HTTP/1.1" 404 2765
INFO 2020-08-02 14:10:52,411 basehttp 154 "GET /users/register HTTP/1.1" 301 0
INFO 2020-08-02 14:10:52,426 basehttp 154 "GET /users/register/ HTTP/1.1" 200 3687
INFO 2020-08-02 14:10:52,455 basehttp 154 "GET /static/css/reset.css HTTP/1.1" 200 638
INFO 2020-08-02 14:10:52,456 basehttp 154 "GET /static/css/main.css HTTP/1.1" 200 40091
INFO 2020-08-02 14:10:52,472 basehttp 154 "GET /static/js/axios-0.18.0.min.js HTTP/1.1" 200 12941
INFO 2020-08-02 14:10:52,472 basehttp 154 "GET /static/js/common.js%20 HTTP/1.1" 200 891
INFO 2020-08-02 14:10:52,472 basehttp 154 "GET /static/js/register.js HTTP/1.1" 200 4515
INFO 2020-08-02 14:10:52,475 basehttp 154 "GET /static/images/1.png HTTP/1.1" 200 3555
INFO 2020-08-02 14:10:52,486 basehttp 154 "GET /static/js/vue-2.5.16.js HTTP/1.1" 200 289307
INFO 2020-08-02 14:10:52,487 basehttp 154 "GET /static/images/interval_line.png HTTP/1.1" 200 1123
INFO 2020-08-02 14:10:52,492 basehttp 154 "GET /static/images/icons02.png HTTP/1.1" 200 3935
INFO 2020-08-02 14:10:52,495 basehttp 154 "GET /static/images/register_banner.png HTTP/1.1" 200 54894
WARNING 2020-08-02 14:10:52,577 log 222 Not Found: /image_code/8cdf3ec3-88d3-4925-a81b-f8464f063356/
WARNING 2020-08-02 14:10:52,581 basehttp 154 "GET /image_code/8cdf3ec3-88d3-4925-a81b-f8464f063356/ HTTP/1.1" 404 2265
WARNING 2020-08-02 14:10:52,591 basehttp 154 "GET /static/js/axios.min.map HTTP/1.1" 404 1672
WARNING 2020-08-02 14:10:56,282 log 222 Not Found: /image_code/657a791f-0ced-4187-9546-4c06bea31f8c/
WARNING 2020-08-02 14:10:56,283 basehttp 154 "GET /image_code/657a791f-0ced-4187-9546-4c06bea31f8c/ HTTP/1.1" 404 2265
INFO 2020-08-02 14:12:37,002 autoreload 578 Watching for file changes with StatReloader
INFO 2020-08-02 14:12:41,536 basehttp 154 "GET /users/register/ HTTP/1.1" 200 3687
INFO 2020-08-02 14:12:41,575 basehttp 154 "GET /static/js/axios-0.18.0.min.js HTTP/1.1" 200 12941
INFO 2020-08-02 14:12:41,575 basehttp 154 "GET /static/js/common.js%20 HTTP/1.1" 200 891
INFO 2020-08-02 14:12:41,576 basehttp 154 "GET /static/js/register.js HTTP/1.1" 200 4515
INFO 2020-08-02 14:12:41,577 basehttp 154 "GET /static/css/main.css HTTP/1.1" 200 40091
INFO 2020-08-02 14:12:41,579 basehttp 154 "GET /static/css/reset.css HTTP/1.1" 200 638
INFO 2020-08-02 14:12:41,581 basehttp 154 "GET /static/js/vue-2.5.16.js HTTP/1.1" 200 289307
INFO 2020-08-02 14:12:41,591 basehttp 154 "GET /static/images/1.png HTTP/1.1" 200 3555
INFO 2020-08-02 14:12:41,602 basehttp 154 "GET /static/images/interval_line.png HTTP/1.1" 200 1123
INFO 2020-08-02 14:12:41,605 basehttp 154 "GET /static/images/icons02.png HTTP/1.1" 200 3935
INFO 2020-08-02 14:12:41,606 basehttp 154 "GET /static/images/register_banner.png HTTP/1.1" 200 54894
WARNING 2020-08-02 14:12:41,659 basehttp 154 "GET /static/js/axios.min.map HTTP/1.1" 404 1672
WARNING 2020-08-02 14:12:41,668 log 222 Not Found: /image_code/6568b7dc-9644-4d08-a8a7-b9baed958f52/
WARNING 2020-08-02 14:12:41,668 basehttp 154 "GET /image_code/6568b7dc-9644-4d08-a8a7-b9baed958f52/ HTTP/1.1" 404 2265
WARNING 2020-08-02 14:12:46,511 log 222 Not Found: /image_code/862cae9a-2e06-40c3-8275-ff42cdd62815/
WARNING 2020-08-02 14:12:46,512 basehttp 154 "GET /image_code/862cae9a-2e06-40c3-8275-ff42cdd62815/ HTTP/1.1" 404 2265
INFO 2020-08-02 14:12:56,371 basehttp 154 "GET /users/register/ HTTP/1.1" 200 3687
INFO 2020-08-02 14:12:56,401 basehttp 154 "GET /static/css/reset.css HTTP/1.1" 200 638
INFO 2020-08-02 14:12:56,402 basehttp 154 "GET /static/js/axios-0.18.0.min.js HTTP/1.1" 200 12941
INFO 2020-08-02 14:12:56,402 basehttp 154 "GET /static/css/main.css HTTP/1.1" 200 40091
INFO 2020-08-02 14:12:56,403 basehttp 154 "GET /static/js/common.js%20 HTTP/1.1" 200 891
INFO 2020-08-02 14:12:56,404 basehttp 154 "GET /static/js/register.js HTTP/1.1" 200 4515
INFO 2020-08-02 14:12:56,406 basehttp 154 "GET /static/js/vue-2.5.16.js HTTP/1.1" 200 289307
INFO 2020-08-02 14:12:56,413 basehttp 154 "GET /static/images/1.png HTTP/1.1" 200 3555
INFO 2020-08-02 14:12:56,421 basehttp 154 "GET /static/images/interval_line.png HTTP/1.1" 200 1123
INFO 2020-08-02 14:12:56,421 basehttp 154 "GET /static/images/icons02.png HTTP/1.1" 200 3935
INFO 2020-08-02 14:12:56,422 basehttp 154 "GET /static/images/register_banner.png HTTP/1.1" 200 54894
WARNING 2020-08-02 14:12:56,452 basehttp 154 "GET /static/js/axios.min.map HTTP/1.1" 404 1672
WARNING 2020-08-02 14:12:56,475 log 222 Not Found: /image_code/b4c18978-83fe-4273-9f33-bdc0f1b7abab/
WARNING 2020-08-02 14:12:56,475 basehttp 154 "GET /image_code/b4c18978-83fe-4273-9f33-bdc0f1b7abab/ HTTP/1.1" 404 2265
INFO 2020-08-02 14:12:57,120 basehttp 154 "GET /users/register/ HTTP/1.1" 200 3687
INFO 2020-08-02 14:12:57,143 basehttp 154 "GET /static/css/reset.css HTTP/1.1" 200 638
INFO 2020-08-02 14:12:57,145 basehttp 154 "GET /static/js/common.js%20 HTTP/1.1" 200 891
INFO 2020-08-02 14:12:57,145 basehttp 154 "GET /static/css/main.css HTTP/1.1" 200 40091
INFO 2020-08-02 14:12:57,146 basehttp 154 "GET /static/js/axios-0.18.0.min.js HTTP/1.1" 200 12941
INFO 2020-08-02 14:12:57,147 basehttp 154 "GET /static/js/register.js HTTP/1.1" 200 4515
INFO 2020-08-02 14:12:57,148 basehttp 154 "GET /static/js/vue-2.5.16.js HTTP/1.1" 200 289307
INFO 2020-08-02 14:12:57,154 basehttp 154 "GET /static/images/1.png HTTP/1.1" 200 3555
INFO 2020-08-02 14:12:57,163 basehttp 154 "GET /static/images/interval_line.png HTTP/1.1" 200 1123
INFO 2020-08-02 14:12:57,165 basehttp 154 "GET /static/images/icons02.png HTTP/1.1" 200 3935
INFO 2020-08-02 14:12:57,165 basehttp 154 "GET /static/images/register_banner.png HTTP/1.1" 200 54894
WARNING 2020-08-02 14:12:57,186 basehttp 154 "GET /static/js/axios.min.map HTTP/1.1" 404 1672
WARNING 2020-08-02 14:12:57,211 log 222 Not Found: /image_code/6f2c7a4e-9b91-4d9a-aa71-7136be2ba3b5/
WARNING 2020-08-02 14:12:57,213 basehttp 154 "GET /image_code/6f2c7a4e-9b91-4d9a-aa71-7136be2ba3b5/ HTTP/1.1" 404 2265
INFO 2020-08-02 14:13:02,684 autoreload 578 Watching for file changes with StatReloader
INFO 2020-08-02 14:13:04,699 basehttp 154 "GET /users/register/ HTTP/1.1" 200 3687
INFO 2020-08-02 14:13:04,757 basehttp 154 "GET /static/css/reset.css HTTP/1.1" 200 638
INFO 2020-08-02 14:13:04,757 basehttp 154 "GET /static/css/main.css HTTP/1.1" 200 40091
INFO 2020-08-02 14:13:04,760 basehttp 154 "GET /static/js/common.js%20 HTTP/1.1" 200 891
INFO 2020-08-02 14:13:04,760 basehttp 154 "GET /static/js/axios-0.18.0.min.js HTTP/1.1" 200 12941
INFO 2020-08-02 14:13:04,761 basehttp 154 "GET /static/js/register.js HTTP/1.1" 200 4515
INFO 2020-08-02 14:13:04,764 basehttp 154 "GET /static/js/vue-2.5.16.js HTTP/1.1" 200 289307
INFO 2020-08-02 14:13:04,767 basehttp 154 "GET /static/images/1.png HTTP/1.1" 200 3555
INFO 2020-08-02 14:13:04,781 basehttp 154 "GET /static/images/interval_line.png HTTP/1.1" 200 1123
INFO 2020-08-02 14:13:04,783 basehttp 154 "GET /static/images/icons02.png HTTP/1.1" 200 3935
INFO 2020-08-02 14:13:04,783 basehttp 154 "GET /static/images/register_banner.png HTTP/1.1" 200 54894
WARNING 2020-08-02 14:13:04,840 basehttp 154 "GET /static/js/axios.min.map HTTP/1.1" 404 1672
WARNING 2020-08-02 14:13:04,857 log 222 Not Found: /image_code/0a506ec1-1c0d-4d10-bcdb-b25f941067e7/
WARNING 2020-08-02 14:13:04,858 basehttp 154 "GET /image_code/0a506ec1-1c0d-4d10-bcdb-b25f941067e7/ HTTP/1.1" 404 2265
INFO 2020-08-02 14:13:05,444 basehttp 154 "GET /users/register/ HTTP/1.1" 200 3687
INFO 2020-08-02 14:13:05,478 basehttp 154 "GET /static/css/reset.css HTTP/1.1" 200 638
INFO 2020-08-02 14:13:05,481 basehttp 154 "GET /static/js/common.js%20 HTTP/1.1" 200 891
INFO 2020-08-02 14:13:05,482 basehttp 154 "GET /static/js/axios-0.18.0.min.js HTTP/1.1" 200 12941
INFO 2020-08-02 14:13:05,483 basehttp 154 "GET /static/js/register.js HTTP/1.1" 200 4515
INFO 2020-08-02 14:13:05,484 basehttp 154 "GET /static/css/main.css HTTP/1.1" 200 40091
INFO 2020-08-02 14:13:05,486 basehttp 154 "GET /static/images/1.png HTTP/1.1" 200 3555
INFO 2020-08-02 14:13:05,489 basehttp 154 "GET /static/js/vue-2.5.16.js HTTP/1.1" 200 289307
INFO 2020-08-02 14:13:05,504 basehttp 154 "GET /static/images/icons02.png HTTP/1.1" 200 3935
INFO 2020-08-02 14:13:05,505 basehttp 154 "GET /static/images/interval_line.png HTTP/1.1" 200 1123
INFO 2020-08-02 14:13:05,506 basehttp 154 "GET /static/images/register_banner.png HTTP/1.1" 200 54894
WARNING 2020-08-02 14:13:05,541 basehttp 154 "GET /static/js/axios.min.map HTTP/1.1" 404 1672
WARNING 2020-08-02 14:13:05,561 log 222 Not Found: /image_code/5b07d2aa-2199-4d66-9b57-8e334f941f6a/
WARNING 2020-08-02 14:13:05,561 basehttp 154 "GET /image_code/5b07d2aa-2199-4d66-9b57-8e334f941f6a/ HTTP/1.1" 404 2265
INFO 2020-08-02 14:17:05,426 autoreload 203 D:\郝艺杰\Django项目自己写\lgshop\apps\verifications\views.py changed, reloading.
INFO 2020-08-02 14:17:06,488 autoreload 578 Watching for file changes with StatReloader
INFO 2020-08-02 14:29:52,771 autoreload 203 D:\郝艺杰\Django项目自己写\lgshop\apps\verifications\views.py changed, reloading.
INFO 2020-08-02 14:29:53,860 autoreload 578 Watching for file changes with StatReloader
INFO 2020-08-02 14:31:54,639 autoreload 203 D:\郝艺杰\Django项目自己写\lgshop\apps\verifications\views.py changed, reloading.
INFO 2020-08-02 14:31:55,664 autoreload 578 Watching for file changes with StatReloader
INFO 2020-08-10 15:23:08,044 autoreload 578 Watching for file changes with StatReloader
WARNING 2020-08-10 15:23:13,016 log 222 Not Found: /
WARNING 2020-08-10 15:23:13,018 basehttp 154 "GET / HTTP/1.1" 404 2290
ERROR 2020-08-10 15:23:27,325 exception 75 Invalid HTTP_HOST header: 'www.meiduo.site:5000'. You may need to add 'www.meiduo.site' to ALLOWED_HOSTS.
ERROR 2020-08-10 15:23:27,334 basehttp 154 "GET / HTTP/1.1" 500 59
ERROR 2020-08-10 15:23:27,369 exception 75 Invalid HTTP_HOST header: 'www.meiduo.site:5000'. You may need to add 'www.meiduo.site' to ALLOWED_HOSTS.
ERROR 2020-08-10 15:23:27,373 basehttp 154 "GET /favicon.ico HTTP/1.1" 500 59
INFO 2020-08-11 21:11:37,755 autoreload 578 Watching for file changes with StatReloader
WARNING 2020-08-11 21:11:41,248 log 222 Not Found: /
WARNING 2020-08-11 21:11:41,248 basehttp 154 "GET / HTTP/1.1" 404 2290
ERROR 2020-08-11 21:11:56,523 exception 75 Invalid HTTP_HOST header: 'www.meiduo.site:5000'. You may need to add 'www.meiduo.site' to ALLOWED_HOSTS.
ERROR 2020-08-11 21:11:56,581 basehttp 154 "GET / HTTP/1.1" 500 59
ERROR 2020-08-11 21:11:56,612 exception 75 Invalid HTTP_HOST header: 'www.meiduo.site:5000'. You may need to add 'www.meiduo.site' to ALLOWED_HOSTS.
ERROR 2020-08-11 21:11:56,616 basehttp 154 "GET /favicon.ico HTTP/1.1" 500 59
INFO 2020-08-11 21:13:05,844 autoreload 203 D:\郝艺杰\Django项目自己写\lgshop\apps\users\urls.py changed, reloading.
INFO 2020-08-11 21:13:07,136 autoreload 578 Watching for file changes with StatReloader
INFO 2020-08-11 21:16:07,718 autoreload 203 D:\郝艺杰\Django项目自己写\lgshop\apps\users\views.py changed, reloading.
INFO 2020-08-11 21:16:08,914 autoreload 578 Watching for file changes with StatReloader
INFO 2020-08-11 21:16:36,706 autoreload 203 D:\郝艺杰\Django项目自己写\lgshop\apps\users\views.py changed, reloading.
INFO 2020-08-11 21:16:37,924 autoreload 578 Watching for file changes with StatReloader
INFO 2020-08-11 21:17:58,520 autoreload 203 D:\郝艺杰\Django项目自己写\lgshop\apps\users\views.py changed, reloading.
INFO 2020-08-11 21:17:59,753 autoreload 578 Watching for file changes with StatReloader
